<?xml version="1.0" encoding="UTF-8"?>
<testsuite xmlns:xsi="http://www.w3.org/2001/XMLSchema-instance" xsi:schemaLocation="https://maven.apache.org/surefire/maven-surefire-plugin/xsd/surefire-test-report.xsd" name="TestSuite" time="141.094" tests="11" errors="0" skipped="0" failures="0">
  <properties>
[...]
</properties>
  <testcase name="checkUserExistence" classname="test.scenarios.UserTestSteps" time="30.87"/>
  <testcase name="searchPostsByUser" classname="test.scenarios.UserTestSteps" time="6.834"/>
  <testcase name="fetchCommentsAndValidateEmail" classname="test.scenarios.UserTestSteps" time="43.548"/>
  <testcase name="createPost" classname="test.scenarios.UserTestSteps" time="2.41"/>
  <testcase name="deletePost" classname="test.scenarios.UserTestSteps" time="1.538"/>
  <testcase name="getallTodos" classname="test.scenarios.UserTestSteps" time="1.415"/>
  <testcase name="getTodosForUser" classname="test.scenarios.UserTestSteps" time="0.154"/>
  <testcase name="getallPhotos" classname="test.scenarios.UserTestSteps" time="5.443"/>
  <testcase name="getPhotosForSpecificAlbum" classname="test.scenarios.UserTestSteps" time="0.502"/>
  <testcase name="getallAlbums" classname="test.scenarios.UserTestSteps" time="0.652"/>
  <testcase name="getAlbumsForSpecificUser" classname="test.scenarios.UserTestSteps" time="3.562"/>
</testsuite>