<?xml version="1.0" encoding="UTF-8"?>
<!-- Generated by org.testng.reporters.JUnitXMLReporter -->
<testsuite hostname="DESKTOP-1GVOOA8" ignored="10" name="Fetch comments for each post and validate email" tests="1" failures="0" timestamp="03 Mar 2021 18:39:19 GMT" time="51.563" errors="0">
  <testcase name="fetchCommentsAndValidateEmail" time="51.531" classname="test.scenarios.UserTestSteps"/>
  <testcase name="createPost" time="0.0" classname="test.scenarios.UserTestSteps">
    <ignored/>
  </testcase> <!-- createPost -->
  <testcase name="getallPhotos" time="0.0" classname="test.scenarios.UserTestSteps">
    <ignored/>
  </testcase> <!-- getallPhotos -->
  <testcase name="getPhotosForSpecificAlbum" time="0.0" classname="test.scenarios.UserTestSteps">
    <ignored/>
  </testcase> <!-- getPhotosForSpecificAlbum -->
  <testcase name="getallAlbums" time="0.0" classname="test.scenarios.UserTestSteps">
    <ignored/>
  </testcase> <!-- getallAlbums -->
  <testcase name="checkUserExistence" time="0.0" classname="test.scenarios.UserTestSteps">
    <ignored/>
  </testcase> <!-- checkUserExistence -->
  <testcase name="searchPostsByUser" time="0.0" classname="test.scenarios.UserTestSteps">
    <ignored/>
  </testcase> <!-- searchPostsByUser -->
  <testcase name="deletePost" time="0.0" classname="test.scenarios.UserTestSteps">
    <ignored/>
  </testcase> <!-- deletePost -->
  <testcase name="getallTodos" time="0.0" classname="test.scenarios.UserTestSteps">
    <ignored/>
  </testcase> <!-- getallTodos -->
  <testcase name="getAlbumsForSpecificUser" time="0.0" classname="test.scenarios.UserTestSteps">
    <ignored/>
  </testcase> <!-- getAlbumsForSpecificUser -->
  <testcase name="getTodosForUser" time="0.0" classname="test.scenarios.UserTestSteps">
    <ignored/>
  </testcase> <!-- getTodosForUser -->
</testsuite> <!-- Fetch comments for each post and validate email -->
