<?xml version="1.0" encoding="UTF-8"?>
<!-- Generated by org.testng.reporters.JUnitXMLReporter -->
<testsuite hostname="DESKTOP-1GVOOA8" ignored="9" name="Get all photos and for specific album id" tests="2" failures="0" timestamp="03 Mar 2021 18:39:31 GMT" time="5.772" errors="0">
  <testcase name="getallPhotos" time="5.336" classname="test.scenarios.UserTestSteps"/>
  <testcase name="getPhotosForSpecificAlbum" time="0.43" classname="test.scenarios.UserTestSteps"/>
  <testcase name="createPost" time="0.0" classname="test.scenarios.UserTestSteps">
    <ignored/>
  </testcase> <!-- createPost -->
  <testcase name="getallAlbums" time="0.0" classname="test.scenarios.UserTestSteps">
    <ignored/>
  </testcase> <!-- getallAlbums -->
  <testcase name="checkUserExistence" time="0.0" classname="test.scenarios.UserTestSteps">
    <ignored/>
  </testcase> <!-- checkUserExistence -->
  <testcase name="fetchCommentsAndValidateEmail" time="0.0" classname="test.scenarios.UserTestSteps">
    <ignored/>
  </testcase> <!-- fetchCommentsAndValidateEmail -->
  <testcase name="searchPostsByUser" time="0.0" classname="test.scenarios.UserTestSteps">
    <ignored/>
  </testcase> <!-- searchPostsByUser -->
  <testcase name="deletePost" time="0.0" classname="test.scenarios.UserTestSteps">
    <ignored/>
  </testcase> <!-- deletePost -->
  <testcase name="getallTodos" time="0.0" classname="test.scenarios.UserTestSteps">
    <ignored/>
  </testcase> <!-- getallTodos -->
  <testcase name="getAlbumsForSpecificUser" time="0.0" classname="test.scenarios.UserTestSteps">
    <ignored/>
  </testcase> <!-- getAlbumsForSpecificUser -->
  <testcase name="getTodosForUser" time="0.0" classname="test.scenarios.UserTestSteps">
    <ignored/>
  </testcase> <!-- getTodosForUser -->
</testsuite> <!-- Get all photos and for specific album id -->
