<?xml version="1.0" encoding="UTF-8"?>
<!-- Generated by org.testng.reporters.JUnitXMLReporter -->
<testsuite hostname="DESKTOP-1GVOOA8" ignored="9" name="Get all albums and for specific user" tests="2" failures="0" timestamp="03 Mar 2021 18:39:32 GMT" time="1.439" errors="0">
  <testcase name="getallAlbums" time="0.49" classname="test.scenarios.UserTestSteps"/>
  <testcase name="getAlbumsForSpecificUser" time="0.93" classname="test.scenarios.UserTestSteps"/>
  <testcase name="createPost" time="0.0" classname="test.scenarios.UserTestSteps">
    <ignored/>
  </testcase> <!-- createPost -->
  <testcase name="getallPhotos" time="0.0" classname="test.scenarios.UserTestSteps">
    <ignored/>
  </testcase> <!-- getallPhotos -->
  <testcase name="getPhotosForSpecificAlbum" time="0.0" classname="test.scenarios.UserTestSteps">
    <ignored/>
  </testcase> <!-- getPhotosForSpecificAlbum -->
  <testcase name="checkUserExistence" time="0.0" classname="test.scenarios.UserTestSteps">
    <ignored/>
  </testcase> <!-- checkUserExistence -->
  <testcase name="fetchCommentsAndValidateEmail" time="0.0" classname="test.scenarios.UserTestSteps">
    <ignored/>
  </testcase> <!-- fetchCommentsAndValidateEmail -->
  <testcase name="searchPostsByUser" time="0.0" classname="test.scenarios.UserTestSteps">
    <ignored/>
  </testcase> <!-- searchPostsByUser -->
  <testcase name="deletePost" time="0.0" classname="test.scenarios.UserTestSteps">
    <ignored/>
  </testcase> <!-- deletePost -->
  <testcase name="getallTodos" time="0.0" classname="test.scenarios.UserTestSteps">
    <ignored/>
  </testcase> <!-- getallTodos -->
  <testcase name="getTodosForUser" time="0.0" classname="test.scenarios.UserTestSteps">
    <ignored/>
  </testcase> <!-- getTodosForUser -->
</testsuite> <!-- Get all albums and for specific user -->
