<?xml version="1.0" encoding="UTF-8"?>
<!-- Generated by org.testng.reporters.JUnitXMLReporter -->
<testsuite hostname="DESKTOP-1GVOOA8" ignored="10" name="Search for posts written by specific user" tests="1" failures="0" timestamp="03 Mar 2021 18:38:28 GMT" time="1.85" errors="0">
  <testcase name="searchPostsByUser" time="1.831" classname="test.scenarios.UserTestSteps"/>
  <testcase name="createPost" time="0.0" classname="test.scenarios.UserTestSteps">
    <ignored/>
  </testcase> <!-- createPost -->
  <testcase name="getallPhotos" time="0.0" classname="test.scenarios.UserTestSteps">
    <ignored/>
  </testcase> <!-- getallPhotos -->
  <testcase name="getPhotosForSpecificAlbum" time="0.0" classname="test.scenarios.UserTestSteps">
    <ignored/>
  </testcase> <!-- getPhotosForSpecificAlbum -->
  <testcase name="getallAlbums" time="0.0" classname="test.scenarios.UserTestSteps">
    <ignored/>
  </testcase> <!-- getallAlbums -->
  <testcase name="checkUserExistence" time="0.0" classname="test.scenarios.UserTestSteps">
    <ignored/>
  </testcase> <!-- checkUserExistence -->
  <testcase name="fetchCommentsAndValidateEmail" time="0.0" classname="test.scenarios.UserTestSteps">
    <ignored/>
  </testcase> <!-- fetchCommentsAndValidateEmail -->
  <testcase name="deletePost" time="0.0" classname="test.scenarios.UserTestSteps">
    <ignored/>
  </testcase> <!-- deletePost -->
  <testcase name="getallTodos" time="0.0" classname="test.scenarios.UserTestSteps">
    <ignored/>
  </testcase> <!-- getallTodos -->
  <testcase name="getAlbumsForSpecificUser" time="0.0" classname="test.scenarios.UserTestSteps">
    <ignored/>
  </testcase> <!-- getAlbumsForSpecificUser -->
  <testcase name="getTodosForUser" time="0.0" classname="test.scenarios.UserTestSteps">
    <ignored/>
  </testcase> <!-- getTodosForUser -->
</testsuite> <!-- Search for posts written by specific user -->
